<?xml version="1.0" encoding="UTF-8"?>
<!-- Generated by org.testng.reporters.JUnitXMLReporter -->
<testsuite ignored="0" hostname="DESKTOP-CCMCD1O" failures="0" tests="14" name="Default test" time="42.216" errors="0" timestamp="2023-03-25T09:39:49 IST">
  <testcase classname="com.qa.askomdch.tests.AccountPageTest" name="accountPageTitleTest" time="0.042"/>
  <testcase classname="com.qa.askomdch.tests.AccountPageTest" name="accountPageURLTest" time="0.032"/>
  <testcase classname="com.qa.askomdch.tests.AccountPageTest" name="accLogoutLinkExistTest" time="0.064"/>
  <testcase classname="com.qa.askomdch.tests.AccountPageTest" name="accPageNavigationListCountTest" time="0.299"/>
  <testcase classname="com.qa.askomdch.tests.AccountPageTest" name="accPageNavigationListTest" time="0.235"/>
  <testcase classname="com.qa.askomdch.tests.AccountPageTest" name="clickOnStoreLink" time="1.559"/>
  <testcase classname="com.qa.askomdch.tests.AccountPageTest" name="storeSearchCount" time="2.525"/>
  <testcase classname="com.qa.askomdch.tests.AccountPageTest" name="storeSearchCount" time="2.268"/>
  <testcase classname="com.qa.askomdch.tests.AccountPageTest" name="storeSearchCount" time="2.203"/>
  <testcase classname="com.qa.askomdch.tests.AccountPageTest" name="storeSearchCount" time="2.136"/>
  <testcase classname="com.qa.askomdch.tests.AccountPageTest" name="selectProduct" time="6.656"/>
  <testcase classname="com.qa.askomdch.tests.AccountPageTest" name="selectProduct" time="6.045"/>
  <testcase classname="com.qa.askomdch.tests.AccountPageTest" name="selectProduct" time="5.324"/>
  <testcase classname="com.qa.askomdch.tests.AccountPageTest" name="selectProduct" time="5.28"/>
</testsuite> <!-- Default test -->
