<?xml version="1.0" encoding="UTF-8"?>
<!-- Generated by org.testng.reporters.JUnitXMLReporter -->
<testsuite ignored="0" hostname="DESKTOP-CCMCD1O" failures="0" tests="5" name="Default test" time="5.191" errors="0" timestamp="2023-03-06T18:23:34 IST">
  <testcase classname="com.qa.askomdch.tests.LoginPageTest" name="loginPageTitleTest" time="0.018"/>
  <testcase classname="com.qa.askomdch.tests.LoginPageTest" name="loginPageURLTest" time="0.01"/>
  <testcase classname="com.qa.askomdch.tests.LoginPageTest" name="lostYourPwdLinkExistTest" time="0.065"/>
  <testcase classname="com.qa.askomdch.tests.LoginPageTest" name="requiredFieldCount" time="0.018"/>
  <testcase classname="com.qa.askomdch.tests.LoginPageTest" name="login" time="1.124"/>
</testsuite> <!-- Default test -->
