<?xml version="1.0" encoding="UTF-8"?>
<testng-results ignored="0" total="5" passed="5" failed="0" skipped="0">
  <reporter-output>
  </reporter-output>
  <suite started-at="2023-03-06T18:23:29 IST" name="Default suite" finished-at="2023-03-06T18:23:34 IST" duration-ms="5191">
    <groups>
    </groups>
    <test started-at="2023-03-06T18:23:29 IST" name="Default test" finished-at="2023-03-06T18:23:34 IST" duration-ms="5191">
      <class name="com.qa.askomdch.tests.LoginPageTest">
        <test-method is-config="true" signature="setup()[pri:0, instance:com.qa.askomdch.tests.LoginPageTest@2794eab6]" started-at="2023-03-06T18:23:29 IST" name="setup" finished-at="2023-03-06T18:23:33 IST" duration-ms="3699" status="PASS">
          <reporter-output>
          </reporter-output>
        </test-method> <!-- setup -->
        <test-method signature="loginPageTitleTest()[pri:1, instance:com.qa.askomdch.tests.LoginPageTest@2794eab6]" started-at="2023-03-06T18:23:33 IST" name="loginPageTitleTest" finished-at="2023-03-06T18:23:33 IST" duration-ms="18" status="PASS">
          <reporter-output>
          </reporter-output>
        </test-method> <!-- loginPageTitleTest -->
        <test-method signature="loginPageURLTest()[pri:2, instance:com.qa.askomdch.tests.LoginPageTest@2794eab6]" started-at="2023-03-06T18:23:33 IST" name="loginPageURLTest" finished-at="2023-03-06T18:23:33 IST" duration-ms="10" status="PASS">
          <reporter-output>
          </reporter-output>
        </test-method> <!-- loginPageURLTest -->
        <test-method signature="lostYourPwdLinkExistTest()[pri:3, instance:com.qa.askomdch.tests.LoginPageTest@2794eab6]" started-at="2023-03-06T18:23:33 IST" name="lostYourPwdLinkExistTest" finished-at="2023-03-06T18:23:33 IST" duration-ms="65" status="PASS">
          <reporter-output>
          </reporter-output>
        </test-method> <!-- lostYourPwdLinkExistTest -->
        <test-method signature="requiredFieldCount()[pri:4, instance:com.qa.askomdch.tests.LoginPageTest@2794eab6]" started-at="2023-03-06T18:23:33 IST" name="requiredFieldCount" finished-at="2023-03-06T18:23:33 IST" duration-ms="18" status="PASS">
          <reporter-output>
          </reporter-output>
        </test-method> <!-- requiredFieldCount -->
        <test-method signature="login()[pri:5, instance:com.qa.askomdch.tests.LoginPageTest@2794eab6]" started-at="2023-03-06T18:23:33 IST" name="login" finished-at="2023-03-06T18:23:34 IST" duration-ms="1124" status="PASS">
          <reporter-output>
          </reporter-output>
        </test-method> <!-- login -->
        <test-method is-config="true" signature="tearDown()[pri:0, instance:com.qa.askomdch.tests.LoginPageTest@2794eab6]" started-at="2023-03-06T18:23:34 IST" name="tearDown" finished-at="2023-03-06T18:23:34 IST" duration-ms="205" status="PASS">
          <reporter-output>
          </reporter-output>
        </test-method> <!-- tearDown -->
      </class> <!-- com.qa.askomdch.tests.LoginPageTest -->
    </test> <!-- Default test -->
  </suite> <!-- Default suite -->
</testng-results>
